<?xml version="1.0" encoding="UTF-8"?>
<testng-results ignored="0" total="1" passed="1" failed="0" skipped="0">
  <reporter-output>
  </reporter-output>
  <suite started-at="2022-05-08T10:12:05 IST" name="Default suite" finished-at="2022-05-08T10:12:41 IST" duration-ms="36624">
    <groups>
    </groups>
    <test started-at="2022-05-08T10:12:05 IST" name="Default test" finished-at="2022-05-08T10:12:41 IST" duration-ms="36624">
      <class name="testcases.TC_004_Record_payment">
        <test-method is-config="true" signature="initialize()[pri:0, instance:testcases.TC_004_Record_payment@4b8ee4de]" started-at="2022-05-08T10:12:05 IST" name="initialize" finished-at="2022-05-08T10:12:21 IST" duration-ms="16388" status="PASS">
          <reporter-output>
          </reporter-output>
        </test-method> <!-- initialize -->
        <test-method signature="TC_001()[pri:0, instance:testcases.TC_004_Record_payment@4b8ee4de]" started-at="2022-05-08T10:12:21 IST" name="TC_001" finished-at="2022-05-08T10:12:40 IST" duration-ms="19190" status="PASS">
          <reporter-output>
          </reporter-output>
        </test-method> <!-- TC_001 -->
        <test-method is-config="true" signature="teardown()[pri:0, instance:testcases.TC_004_Record_payment@4b8ee4de]" started-at="2022-05-08T10:12:40 IST" name="teardown" finished-at="2022-05-08T10:12:41 IST" duration-ms="971" status="PASS">
          <reporter-output>
          </reporter-output>
        </test-method> <!-- teardown -->
      </class> <!-- testcases.TC_004_Record_payment -->
    </test> <!-- Default test -->
  </suite> <!-- Default suite -->
</testng-results>
